#
# There is insufficient memory for the Java Runtime Environment to continue.
# Native memory allocation (mmap) failed to map 264241152 bytes. Error detail: G1 virtual space
# Possible reasons:
#   The system is out of physical RAM or swap space
#   This process is running with CompressedOops enabled, and the Java Heap may be blocking the growth of the native heap
# Possible solutions:
#   Reduce memory load on the system
#   Increase physical memory or swap space
#   Check if swap backing store is full
#   Decrease Java heap size (-Xmx/-Xms)
#   Decrease number of Java threads
#   Decrease Java thread stack sizes (-Xss)
#   Set larger code cache with -XX:ReservedCodeCacheSize=
#   JVM is running with Zero Based Compressed Oops mode in which the Java heap is
#     placed in the first 32GB address space. The Java Heap base address is the
#     maximum limit for the native heap growth. Please use -XX:HeapBaseMinAddress
#     to set the Java Heap base and to place the Java Heap above 32GB virtual address.
# This output file may be truncated or incomplete.
#
#  Out of Memory Error (os_windows.cpp:3631), pid=49948, tid=37996
#
# JRE version:  (22.0.2+9) (build )
# Java VM: Java HotSpot(TM) 64-Bit Server VM (22.0.2+9-70, mixed mode, sharing, tiered, compressed oops, compressed class ptrs, g1 gc, windows-amd64)
# No core dump will be written. Minidumps are not enabled by default on client versions of Windows
#

---------------  S U M M A R Y ------------

Command Line: -Dfile.encoding=UTF-8 -Dstdout.encoding=UTF-8 -Dstderr.encoding=UTF-8 -XX:+ShowCodeDetailsInExceptionMessages java_files.TradeManager

Host: 12th Gen Intel(R) Core(TM) i7-1255U, 12 cores, 15G,  Windows 11 , 64 bit Build 26100 (10.0.26100.3912)
Time: Sat Jun 14 18:03:30 2025 Eastern Summer Time elapsed time: 2.038555 seconds (0d 0h 0m 2s)

---------------  T H R E A D  ---------------

Current thread (0x000002335d553eb0):  JavaThread "Unknown thread" [_thread_in_vm, id=37996, stack(0x000000c4f5800000,0x000000c4f5900000) (1024K)]

Stack: [0x000000c4f5800000,0x000000c4f5900000]
Native frames: (J=compiled Java code, j=interpreted, Vv=VM code, C=native code)
V  [jvm.dll+0x6e26e9]  (no source info available)
V  [jvm.dll+0x875753]  (no source info available)
V  [jvm.dll+0x877b7e]  (no source info available)
V  [jvm.dll+0x878253]  (no source info available)
V  [jvm.dll+0x27fc86]  (no source info available)
V  [jvm.dll+0x6ded85]  (no source info available)
V  [jvm.dll+0x6d388a]  (no source info available)
V  [jvm.dll+0x358b8a]  (no source info available)
V  [jvm.dll+0x3610b6]  (no source info available)
V  [jvm.dll+0x3b419e]  (no source info available)
V  [jvm.dll+0x3b4448]  (no source info available)
V  [jvm.dll+0x32c5ec]  (no source info available)
V  [jvm.dll+0x32d258]  (no source info available)
V  [jvm.dll+0x83d5ac]  (no source info available)
V  [jvm.dll+0x3c10d1]  (no source info available)
V  [jvm.dll+0x8264cc]  (no source info available)
V  [jvm.dll+0x45bd5e]  (no source info available)
V  [jvm.dll+0x45dbe1]  (no source info available)
C  [jli.dll+0x52a3]  (no source info available)
C  [ucrtbase.dll+0x37b0]  (no source info available)
C  [KERNEL32.DLL+0x2e8d7]  (no source info available)
C  [ntdll.dll+0x9c5dc]  (no source info available)


---------------  P R O C E S S  ---------------

Threads class SMR info:
_java_thread_list=0x00007ffff98ec1c8, length=0, elements={
}

Java Threads: ( => current thread )
Total: 0

Other Threads:
  0x000002335f002d80 WorkerThread "GC Thread#0"                     [id=50376, stack(0x000000c4f5900000,0x000000c4f5a00000) (1024K)]
  0x000002335f0524d0 ConcurrentGCThread "G1 Main Marker"            [id=15876, stack(0x000000c4f5a00000,0x000000c4f5b00000) (1024K)]
  0x000002335f053e90 WorkerThread "G1 Conc#0"                       [id=15940, stack(0x000000c4f5b00000,0x000000c4f5c00000) (1024K)]

[error occurred during error reporting (printing all threads), id 0xc0000005, EXCEPTION_ACCESS_VIOLATION (0xc0000005) at pc=0x00007ffff903f517]
VM state: not at safepoint (not fully initialized)

VM Mutex/Monitor currently owned by a thread:  ([mutex/lock_event])
[0x00007ffff996cc80] Heap_lock - owner thread: 0x000002335d553eb0

Heap address: 0x0000000704400000, size: 4028 MB, Compressed Oops mode: Zero based, Oop shift amount: 3

CDS archive(s) mapped at: [0x0000000000000000-0x0000000000000000-0x0000000000000000), size 0, SharedBaseAddress: 0x0000000800000000, ArchiveRelocationMode: 1.
Narrow klass base: 0x0000000000000000, Narrow klass shift: 0, Narrow klass range: 0x0

GC Precious Log:
 CardTable entry size: 512
 Card Set container configuration: InlinePtr #cards 4 size 8 Array Of Cards #cards 16 size 48 Howl #buckets 8 coarsen threshold 3686 Howl Bitmap #cards 512 size 80 coarsen threshold 460 Card regions per heap region 1 cards per card region 4096

Heap:
 garbage-first heap   total reserved 4124672K, committed 0K, used 0K [0x0000000704400000, 0x0000000800000000)
  region size 2048K, 0 young (0K), 0 survivors (0K)

[error occurred during error reporting (printing heap information), id 0xc0000005, EXCEPTION_ACCESS_VIOLATION (0xc0000005) at pc=0x00007ffff943e869]
GC Heap History (0 events):
No events

Dll operation events (1 events):
Event: 0.020 Loaded shared library C:\Program Files\Java\jdk-22\bin\java.dll

Deoptimization events (0 events):
No events

Classes loaded (0 events):
No events

Classes unloaded (0 events):
No events

Classes redefined (0 events):
No events

Internal exceptions (0 events):
No events

ZGC Phase Switch (0 events):
No events

VM Operations (0 events):
No events

Memory protections (0 events):
No events

Nmethod flushes (0 events):
No events

Events (0 events):
No events


Dynamic libraries:
0x00007ff7de690000 - 0x00007ff7de6a0000 	C:\Program Files\Java\jdk-22\bin\javaw.exe
0x00007ff8bc280000 - 0x00007ff8bc4e6000 	C:\WINDOWS\SYSTEM32\ntdll.dll
0x00007ff8bb760000 - 0x00007ff8bb829000 	C:\WINDOWS\System32\KERNEL32.DLL
0x00007ff8b95f0000 - 0x00007ff8b99bc000 	C:\WINDOWS\System32\KERNELBASE.dll
0x00007ff8b94a0000 - 0x00007ff8b95eb000 	C:\WINDOWS\System32\ucrtbase.dll
0x00007ff8a7ce0000 - 0x00007ff8a7cfb000 	C:\Program Files\Java\jdk-22\bin\VCRUNTIME140.dll
0x00007ff8a7d80000 - 0x00007ff8a7d97000 	C:\Program Files\Java\jdk-22\bin\jli.dll
0x00007ff8bb100000 - 0x00007ff8bb2ca000 	C:\WINDOWS\System32\USER32.dll
0x00007ff8b9f70000 - 0x00007ff8b9f97000 	C:\WINDOWS\System32\win32u.dll
0x00007ff89db20000 - 0x00007ff89ddba000 	C:\WINDOWS\WinSxS\amd64_microsoft.windows.common-controls_6595b64144ccf1df_6.0.26100.3912_none_3e07963ce335137e\COMCTL32.dll
0x00007ff8bc110000 - 0x00007ff8bc13b000 	C:\WINDOWS\System32\GDI32.dll
0x00007ff8ba370000 - 0x00007ff8ba419000 	C:\WINDOWS\System32\msvcrt.dll
0x00007ff8b9b40000 - 0x00007ff8b9c72000 	C:\WINDOWS\System32\gdi32full.dll
0x00007ff8b9ec0000 - 0x00007ff8b9f63000 	C:\WINDOWS\System32\msvcp_win.dll
0x00007ff8bb0c0000 - 0x00007ff8bb0f0000 	C:\WINDOWS\System32\IMM32.DLL
0x00007ff8b5bc0000 - 0x00007ff8b5bcc000 	C:\Program Files\Java\jdk-22\bin\vcruntime140_1.dll
0x00007ff8783c0000 - 0x00007ff87844e000 	C:\Program Files\Java\jdk-22\bin\msvcp140.dll
0x00007ffff8d00000 - 0x00007ffff9a49000 	C:\Program Files\Java\jdk-22\bin\server\jvm.dll
0x00007ff8bc000000 - 0x00007ff8bc0b2000 	C:\WINDOWS\System32\ADVAPI32.dll
0x00007ff8ba2b0000 - 0x00007ff8ba356000 	C:\WINDOWS\System32\sechost.dll
0x00007ff8bafa0000 - 0x00007ff8bb0b6000 	C:\WINDOWS\System32\RPCRT4.dll
0x00007ff8ba100000 - 0x00007ff8ba174000 	C:\WINDOWS\System32\WS2_32.dll
0x00007ff8b82a0000 - 0x00007ff8b82fe000 	C:\WINDOWS\SYSTEM32\POWRPROF.dll
0x00007ff8a55c0000 - 0x00007ff8a55cb000 	C:\WINDOWS\SYSTEM32\VERSION.dll
0x00007ff8ad7b0000 - 0x00007ff8ad7e6000 	C:\WINDOWS\SYSTEM32\WINMM.dll
0x00007ff8b8260000 - 0x00007ff8b8274000 	C:\WINDOWS\SYSTEM32\UMPDC.dll
0x00007ff8b8280000 - 0x00007ff8b829a000 	C:\WINDOWS\SYSTEM32\kernel.appcore.dll
0x00007ff8a7bf0000 - 0x00007ff8a7bfa000 	C:\Program Files\Java\jdk-22\bin\jimage.dll
0x00007ff8b6b00000 - 0x00007ff8b6d41000 	C:\WINDOWS\SYSTEM32\DBGHELP.DLL
0x00007ff8bbbf0000 - 0x00007ff8bbf74000 	C:\WINDOWS\System32\combase.dll
0x00007ff8bb890000 - 0x00007ff8bb970000 	C:\WINDOWS\System32\OLEAUT32.dll
0x00007ff8a7ac0000 - 0x00007ff8a7af9000 	C:\WINDOWS\SYSTEM32\dbgcore.DLL
0x00007ff8b9fa0000 - 0x00007ff8ba039000 	C:\WINDOWS\System32\bcryptPrimitives.dll
0x00007ff8a7bd0000 - 0x00007ff8a7bee000 	C:\Program Files\Java\jdk-22\bin\java.dll
0x00007ff8ba870000 - 0x00007ff8baf9d000 	C:\WINDOWS\System32\SHELL32.dll
0x00007ff8b99c0000 - 0x00007ff8b9b34000 	C:\WINDOWS\System32\wintypes.dll
0x00007ff8ba630000 - 0x00007ff8ba7cf000 	C:\WINDOWS\System32\ole32.dll

dbghelp: loaded successfully - version: 4.0.5 - missing functions: none
symbol engine: initialized successfully - sym options: 0x614 - pdb path: .;C:\Program Files\Java\jdk-22\bin;C:\WINDOWS\SYSTEM32;C:\WINDOWS\WinSxS\amd64_microsoft.windows.common-controls_6595b64144ccf1df_6.0.26100.3912_none_3e07963ce335137e;C:\Program Files\Java\jdk-22\bin\server

VM Arguments:
jvm_args: -Dfile.encoding=UTF-8 -Dstdout.encoding=UTF-8 -Dstderr.encoding=UTF-8 -XX:+ShowCodeDetailsInExceptionMessages 
java_command: java_files.TradeManager
java_class_path (initial): C:\Users\bensa\eclipse-workspace\Tariff_Management\bin
Launcher Type: SUN_STANDARD

[Global flags]
     intx CICompilerCount                          = 4                                         {product} {ergonomic}
     uint ConcGCThreads                            = 3                                         {product} {ergonomic}
     uint G1ConcRefinementThreads                  = 10                                        {product} {ergonomic}
   size_t G1HeapRegionSize                         = 2097152                                   {product} {ergonomic}
   size_t InitialHeapSize                          = 264241152                                 {product} {ergonomic}
   size_t MarkStackSize                            = 4194304                                   {product} {ergonomic}
   size_t MaxHeapSize                              = 4223664128                                {product} {ergonomic}
   size_t MinHeapDeltaBytes                        = 2097152                                   {product} {ergonomic}
   size_t MinHeapSize                              = 8388608                                   {product} {ergonomic}
    uintx NonNMethodCodeHeapSize                   = 5839372                                {pd product} {ergonomic}
    uintx NonProfiledCodeHeapSize                  = 122909434                              {pd product} {ergonomic}
    uintx ProfiledCodeHeapSize                     = 122909434                              {pd product} {ergonomic}
    uintx ReservedCodeCacheSize                    = 251658240                              {pd product} {ergonomic}
     bool SegmentedCodeCache                       = true                                      {product} {ergonomic}
     bool ShowCodeDetailsInExceptionMessages       = true                                   {manageable} {command line}
   size_t SoftMaxHeapSize                          = 4223664128                             {manageable} {ergonomic}
     bool UseCompressedOops                        = true                           {product lp64_product} {ergonomic}
     bool UseG1GC                                  = true                                      {product} {ergonomic}
     bool UseLargePagesIndividualAllocation        = false                                  {pd product} {ergonomic}

Logging:
Log output configuration:
 #0: stdout all=warning uptime,level,tags foldmultilines=false
 #1: stderr all=off uptime,level,tags foldmultilines=false

Environment Variables:
JAVA_HOME=C:\Program Files\Java\jdk-22
PATH=C:\Program Files\Common Files\Oracle\Java\javapath;C:\Windows\system32;C:\Windows;C:\Windows\System32\Wbem;C:\Windows\System32\WindowsPowerShell\v1.0\;C:\Windows\System32\OpenSSH\;C:\Program Files (x86)\NVIDIA Corporation\PhysX\Common;C:\Program Files\NVIDIA Corporation\NVIDIA NvDLISR;C:\Program Files\dotnet\;C:\WINDOWS\system32;C:\WINDOWS;C:\WINDOWS\System32\Wbem;C:\WINDOWS\System32\WindowsPowerShell\v1.0\;C:\WINDOWS\System32\OpenSSH\;C:\Program Files\Java\jdk-22\bin;C:\Users\bensa\Git\cmd;C:\Program Files\nodejs\;C:\Program Files\Docker\Docker\resources\bin;C:\Users\bensa\AppData\Local\Programs\Python\Python313\Scripts\;C:\Users\bensa\AppData\Local\Programs\Python\Python313\;C:\Users\bensa\AppData\Local\Programs\Python\Launcher\;C:\Users\bensa\AppData\Local\Microsoft\WindowsApps;C:\Users\bensa\.dotnet\tools;C:\Users\bensa\AppData\Local\Programs\Microsoft VS Code\bin;C:\Users\bensa\AppData\Local\GitHubDesktop\bin;C:\Users\bensa\AppData\Roaming\npm;C:\msys64\ucrt64\bin;
USERNAME=bensa
OS=Windows_NT
PROCESSOR_IDENTIFIER=Intel64 Family 6 Model 154 Stepping 4, GenuineIntel
TMP=C:\Users\bensa\AppData\Local\Temp
TEMP=C:\Users\bensa\AppData\Local\Temp




Periodic native trim disabled

---------------  S Y S T E M  ---------------

OS:
 Windows 11 , 64 bit Build 26100 (10.0.26100.3912)
OS uptime: 10 days 18:34 hours
Hyper-V role detected

CPU: total 12 (initial active 12) (6 cores per cpu, 2 threads per core) family 6 model 154 stepping 4 microcode 0x41c, cx8, cmov, fxsr, ht, mmx, 3dnowpref, sse, sse2, sse3, ssse3, sse4.1, sse4.2, popcnt, lzcnt, tsc, tscinvbit, avx, avx2, aes, erms, clmul, bmi1, bmi2, adx, sha, fma, vzeroupper, clflush, clflushopt, clwb, hv, serialize, rdtscp, rdpid, fsrm, f16c, cet_ibt, cet_ss
Processor Information for processor 0
  Max Mhz: 1700, Current Mhz: 1457, Mhz Limit: 1700
Processor Information for processor 1
  Max Mhz: 1700, Current Mhz: 1700, Mhz Limit: 1700
Processor Information for processor 2
  Max Mhz: 1700, Current Mhz: 1700, Mhz Limit: 1700
Processor Information for processor 3
  Max Mhz: 1700, Current Mhz: 1457, Mhz Limit: 1700
Processor Information for processor 4
  Max Mhz: 1200, Current Mhz: 1200, Mhz Limit: 1200
Processor Information for processor 5
  Max Mhz: 1200, Current Mhz: 1200, Mhz Limit: 1200
Processor Information for processor 6
  Max Mhz: 1200, Current Mhz: 1200, Mhz Limit: 1200
Processor Information for processor 7
  Max Mhz: 1200, Current Mhz: 1200, Mhz Limit: 1200
Processor Information for processor 8
  Max Mhz: 1200, Current Mhz: 1200, Mhz Limit: 1200
Processor Information for processor 9
  Max Mhz: 1200, Current Mhz: 1200, Mhz Limit: 1200
Processor Information for processor 10
  Max Mhz: 1200, Current Mhz: 1200, Mhz Limit: 1200
Processor Information for processor 11
  Max Mhz: 1200, Current Mhz: 1200, Mhz Limit: 1200

Memory: 4k page, system-wide physical 16108M (5515M free)
TotalPageFile size 19017M (AvailPageFile size 164M)
current process WorkingSet (physical memory assigned to process): 13M, peak: 13M
current process commit charge ("private bytes"): 65M, peak: 316M

vm_info: Java HotSpot(TM) 64-Bit Server VM (22.0.2+9-70) for windows-amd64 JRE (22.0.2+9-70), built on 2024-06-04T16:52:23Z by "mach5one" with MS VC++ 17.6 (VS2022)

END.
